Warning message:
package 'RSelenium' was built under R version 4.1.3 
Warning message:
package 'taskscheduleR' was built under R version 4.1.3 
-- Attaching packages --------------------------------------- tidyverse 1.3.2 --
v ggplot2 3.3.6     v purrr   0.3.4
v tibble  3.1.7     v dplyr   1.0.9
v tidyr   1.2.0     v stringr 1.4.0
v readr   2.1.2     v forcats 0.5.1
-- Conflicts ------------------------------------------ tidyverse_conflicts() --
x dplyr::filter() masks stats::filter()
x dplyr::lag()    masks stats::lag()
Warning messages:
1: package 'tidyverse' was built under R version 4.1.3 
2: package 'ggplot2' was built under R version 4.1.3 
3: package 'tibble' was built under R version 4.1.3 
4: package 'tidyr' was built under R version 4.1.3 
5: package 'readr' was built under R version 4.1.3 
6: package 'dplyr' was built under R version 4.1.3 
[[1]]
NULL

[1] "Connecting to remote server"
$acceptInsecureCerts
[1] FALSE

$browserName
[1] "firefox"

$browserVersion
[1] "89.0.2"

$`moz:accessibilityChecks`
[1] FALSE

$`moz:buildID`
[1] "20210622155641"

$`moz:geckodriverVersion`
[1] "0.31.0"

$`moz:headless`
[1] FALSE

$`moz:processID`
[1] 14776

$`moz:profile`
[1] "C:\\Users\\suder\\AppData\\Local\\Temp\\rust_mozprofileGFLMJm"

$`moz:shutdownTimeout`
[1] 60000

$`moz:useNonSpecCompliantPointerOrigin`
[1] FALSE

$`moz:webdriverClick`
[1] TRUE

$pageLoadStrategy
[1] "normal"

$platformName
[1] "windows"

$platformVersion
[1] "10.0"

$setWindowRect
[1] TRUE

$strictFileInteractability
[1] FALSE

$timeouts
$timeouts$implicit
[1] 0

$timeouts$pageLoad
[1] 300000

$timeouts$script
[1] 30000


$unhandledPromptBehavior
[1] "dismiss and notify"

$webdriver.remote.sessionid
[1] "526f0083-99f7-4ecb-8cf3-34447d147577"

$id
[1] "526f0083-99f7-4ecb-8cf3-34447d147577"

[[1]]
NULL

[1] TRUE
          used (Mb) gc trigger  (Mb) max used  (Mb)
Ncells 1252858   67    2169940 115.9  2169940 115.9
Vcells 1955863   15    8388608  64.0  3621895  27.7
SUCCESS: The process "java.exe" with PID 4660 has been terminated.
[1] 0
Warning message:
package 'RSelenium' was built under R version 4.1.3 
Warning message:
package 'taskscheduleR' was built under R version 4.1.3 
-- Attaching packages --------------------------------------- tidyverse 1.3.2 --
v ggplot2 3.3.6     v purrr   0.3.4
v tibble  3.1.7     v dplyr   1.0.9
v tidyr   1.2.0     v stringr 1.4.0
v readr   2.1.2     v forcats 0.5.1
-- Conflicts ------------------------------------------ tidyverse_conflicts() --
x dplyr::filter() masks stats::filter()
x dplyr::lag()    masks stats::lag()
Warning messages:
1: package 'tidyverse' was built under R version 4.1.3 
2: package 'ggplot2' was built under R version 4.1.3 
3: package 'tibble' was built under R version 4.1.3 
4: package 'tidyr' was built under R version 4.1.3 
5: package 'readr' was built under R version 4.1.3 
6: package 'dplyr' was built under R version 4.1.3 
[[1]]
NULL

[1] "Connecting to remote server"
$acceptInsecureCerts
[1] FALSE

$browserName
[1] "firefox"

$browserVersion
[1] "89.0.2"

$`moz:accessibilityChecks`
[1] FALSE

$`moz:buildID`
[1] "20210622155641"

$`moz:geckodriverVersion`
[1] "0.31.0"

$`moz:headless`
[1] FALSE

$`moz:processID`
[1] 15220

$`moz:profile`
[1] "C:\\Users\\suder\\AppData\\Local\\Temp\\rust_mozprofileAEPCB6"

$`moz:shutdownTimeout`
[1] 60000

$`moz:useNonSpecCompliantPointerOrigin`
[1] FALSE

$`moz:webdriverClick`
[1] TRUE

$pageLoadStrategy
[1] "normal"

$platformName
[1] "windows"

$platformVersion
[1] "10.0"

$setWindowRect
[1] TRUE

$strictFileInteractability
[1] FALSE

$timeouts
$timeouts$implicit
[1] 0

$timeouts$pageLoad
[1] 300000

$timeouts$script
[1] 30000


$unhandledPromptBehavior
[1] "dismiss and notify"

$webdriver.remote.sessionid
[1] "ad9d8d2a-7d8e-4950-b2ed-14a4fca04812"

$id
[1] "ad9d8d2a-7d8e-4950-b2ed-14a4fca04812"

[[1]]
NULL

[1] TRUE
          used (Mb) gc trigger  (Mb) max used  (Mb)
Ncells 1252860   67    2169880 115.9  2169880 115.9
Vcells 1955897   15    8388608  64.0  3621966  27.7
SUCCESS: The process "java.exe" with PID 4472 has been terminated.
[1] 0
Warning message:
package 'RSelenium' was built under R version 4.1.3 
Warning message:
package 'taskscheduleR' was built under R version 4.1.3 
-- Attaching packages --------------------------------------- tidyverse 1.3.2 --
v ggplot2 3.3.6     v purrr   0.3.4
v tibble  3.1.7     v dplyr   1.0.9
v tidyr   1.2.0     v stringr 1.4.0
v readr   2.1.2     v forcats 0.5.1
-- Conflicts ------------------------------------------ tidyverse_conflicts() --
x dplyr::filter() masks stats::filter()
x dplyr::lag()    masks stats::lag()
Warning messages:
1: package 'tidyverse' was built under R version 4.1.3 
2: package 'ggplot2' was built under R version 4.1.3 
3: package 'tibble' was built under R version 4.1.3 
4: package 'tidyr' was built under R version 4.1.3 
5: package 'readr' was built under R version 4.1.3 
6: package 'dplyr' was built under R version 4.1.3 
[[1]]
NULL

[1] "Connecting to remote server"
$acceptInsecureCerts
[1] FALSE

$browserName
[1] "firefox"

$browserVersion
[1] "89.0.2"

$`moz:accessibilityChecks`
[1] FALSE

$`moz:buildID`
[1] "20210622155641"

$`moz:geckodriverVersion`
[1] "0.31.0"

$`moz:headless`
[1] FALSE

$`moz:processID`
[1] 10792

$`moz:profile`
[1] "C:\\Users\\suder\\AppData\\Local\\Temp\\rust_mozprofileIdG5ZS"

$`moz:shutdownTimeout`
[1] 60000

$`moz:useNonSpecCompliantPointerOrigin`
[1] FALSE

$`moz:webdriverClick`
[1] TRUE

$pageLoadStrategy
[1] "normal"

$platformName
[1] "windows"

$platformVersion
[1] "10.0"

$setWindowRect
[1] TRUE

$strictFileInteractability
[1] FALSE

$timeouts
$timeouts$implicit
[1] 0

$timeouts$pageLoad
[1] 300000

$timeouts$script
[1] 30000


$unhandledPromptBehavior
[1] "dismiss and notify"

$webdriver.remote.sessionid
[1] "78c1cc7a-905a-4641-8844-b132429609a6"

$id
[1] "78c1cc7a-905a-4641-8844-b132429609a6"

[[1]]
NULL

[1] TRUE
          used (Mb) gc trigger  (Mb) max used  (Mb)
Ncells 1252860   67    2169880 115.9  2169880 115.9
Vcells 1955881   15    8388608  64.0  3622279  27.7
SUCCESS: The process "java.exe" with PID 12964 has been terminated.
[1] 0
Warning message:
package 'RSelenium' was built under R version 4.1.3 
Warning message:
package 'taskscheduleR' was built under R version 4.1.3 
-- Attaching packages --------------------------------------- tidyverse 1.3.2 --
v ggplot2 3.3.6     v purrr   0.3.4
v tibble  3.1.7     v dplyr   1.0.9
v tidyr   1.2.0     v stringr 1.4.0
v readr   2.1.2     v forcats 0.5.1
-- Conflicts ------------------------------------------ tidyverse_conflicts() --
x dplyr::filter() masks stats::filter()
x dplyr::lag()    masks stats::lag()
Warning messages:
1: package 'tidyverse' was built under R version 4.1.3 
2: package 'ggplot2' was built under R version 4.1.3 
3: package 'tibble' was built under R version 4.1.3 
4: package 'tidyr' was built under R version 4.1.3 
5: package 'readr' was built under R version 4.1.3 
6: package 'dplyr' was built under R version 4.1.3 
[[1]]
NULL

[1] "Connecting to remote server"
$acceptInsecureCerts
[1] FALSE

$browserName
[1] "firefox"

$browserVersion
[1] "89.0.2"

$`moz:accessibilityChecks`
[1] FALSE

$`moz:buildID`
[1] "20210622155641"

$`moz:geckodriverVersion`
[1] "0.31.0"

$`moz:headless`
[1] FALSE

$`moz:processID`
[1] 14160

$`moz:profile`
[1] "C:\\Users\\suder\\AppData\\Local\\Temp\\rust_mozprofile2Tj9qo"

$`moz:shutdownTimeout`
[1] 60000

$`moz:useNonSpecCompliantPointerOrigin`
[1] FALSE

$`moz:webdriverClick`
[1] TRUE

$pageLoadStrategy
[1] "normal"

$platformName
[1] "windows"

$platformVersion
[1] "10.0"

$setWindowRect
[1] TRUE

$strictFileInteractability
[1] FALSE

$timeouts
$timeouts$implicit
[1] 0

$timeouts$pageLoad
[1] 300000

$timeouts$script
[1] 30000


$unhandledPromptBehavior
[1] "dismiss and notify"

$webdriver.remote.sessionid
[1] "7ec6673b-4050-46f1-8f86-aaf990cbea18"

$id
[1] "7ec6673b-4050-46f1-8f86-aaf990cbea18"

[[1]]
NULL

[1] TRUE
          used (Mb) gc trigger  (Mb) max used  (Mb)
Ncells 1252860   67    2169940 115.9  2169940 115.9
Vcells 1955889   15    8388608  64.0  3622120  27.7
SUCCESS: The process "java.exe" with PID 15344 has been terminated.
[1] 0
